c:\users\jc\source\repos\assignment2\assignment2\x64\debug\vc141.pdb
c:\users\jc\source\repos\assignment2\assignment2\x64\debug\senderoptions.obj
c:\users\jc\source\repos\assignment2\assignment2\x64\debug\receiveroptions.obj
c:\users\jc\source\repos\assignment2\assignment2\x64\debug\myudp.obj
c:\users\jc\source\repos\assignment2\assignment2\x64\debug\mytcpserver.obj
c:\users\jc\source\repos\assignment2\assignment2\x64\debug\main.obj
c:\users\jc\source\repos\assignment2\assignment2\x64\debug\moc_senderoptions.obj
c:\users\jc\source\repos\assignment2\assignment2\x64\debug\moc_receiveroptions.obj
c:\users\jc\source\repos\assignment2\assignment2\x64\debug\moc_assignment2.obj
c:\users\jc\source\repos\assignment2\assignment2\x64\debug\assignment2.obj
c:\users\jc\source\repos\assignment2\assignment2\x64\debug\qrc_assignment2.obj
c:\users\jc\source\repos\assignment2\assignment2\generatedfiles\debug\moc_assignment2.cpp
c:\users\jc\source\repos\assignment2\assignment2\generatedfiles\ui_assignment2.h
c:\users\jc\source\repos\assignment2\assignment2\generatedfiles\debug\moc_receiveroptions.cpp
c:\users\jc\source\repos\assignment2\assignment2\generatedfiles\debug\moc_senderoptions.cpp
c:\users\jc\source\repos\assignment2\assignment2\generatedfiles\qrc_assignment2.cpp
c:\users\jc\source\repos\assignment2\assignment2\generatedfiles\ui_senderoptions.h
c:\users\jc\source\repos\assignment2\assignment2\generatedfiles\ui_receiveroptions.h
c:\users\jc\source\repos\assignment2\x64\debug\assignment2.ilk
c:\users\jc\source\repos\assignment2\x64\debug\assignment2.exe
c:\users\jc\source\repos\assignment2\x64\debug\assignment2.pdb
c:\users\jc\source\repos\assignment2\assignment2\x64\debug\assignment2.tlog\cl.command.1.tlog
c:\users\jc\source\repos\assignment2\assignment2\x64\debug\assignment2.tlog\cl.read.1.tlog
c:\users\jc\source\repos\assignment2\assignment2\x64\debug\assignment2.tlog\cl.write.1.tlog
c:\users\jc\source\repos\assignment2\assignment2\x64\debug\assignment2.tlog\custombuild.command.1.tlog
c:\users\jc\source\repos\assignment2\assignment2\x64\debug\assignment2.tlog\custombuild.read.1.tlog
c:\users\jc\source\repos\assignment2\assignment2\x64\debug\assignment2.tlog\custombuild.write.1.tlog
c:\users\jc\source\repos\assignment2\assignment2\x64\debug\assignment2.tlog\link.command.1.tlog
c:\users\jc\source\repos\assignment2\assignment2\x64\debug\assignment2.tlog\link.read.1.tlog
c:\users\jc\source\repos\assignment2\assignment2\x64\debug\assignment2.tlog\link.write.1.tlog
